<?xml version="1.0" encoding="UTF-8"?>
<!-- Generated by org.testng.reporters.JUnitReportReporter -->
<testsuite hostname="DESKTOP-U80E17V" failures="0" tests="24" name="runner_files.Test_Runner_TestNG" time="117.247" errors="0" timestamp="2024-01-10T18:19:31 EST" skipped="0">
  <testcase classname="runner_files.Test_Runner_TestNG" name="runScenario" time="5.519"/>
  <testcase classname="runner_files.Test_Runner_TestNG" name="runScenario" time="5.076"/>
  <testcase classname="runner_files.Test_Runner_TestNG" name="runScenario" time="4.679"/>
  <testcase classname="runner_files.Test_Runner_TestNG" name="runScenario" time="4.692"/>
  <testcase classname="runner_files.Test_Runner_TestNG" name="runScenario" time="5.259"/>
  <testcase classname="runner_files.Test_Runner_TestNG" name="runScenario" time="4.239"/>
  <testcase classname="runner_files.Test_Runner_TestNG" name="runScenario" time="4.476"/>
  <testcase classname="runner_files.Test_Runner_TestNG" name="runScenario" time="4.861"/>
  <testcase classname="runner_files.Test_Runner_TestNG" name="runScenario" time="4.047"/>
  <testcase classname="runner_files.Test_Runner_TestNG" name="runScenario" time="4.967"/>
  <testcase classname="runner_files.Test_Runner_TestNG" name="runScenario" time="7.303"/>
  <testcase classname="runner_files.Test_Runner_TestNG" name="runScenario" time="5.115"/>
  <testcase classname="runner_files.Test_Runner_TestNG" name="runScenario" time="4.803"/>
  <testcase classname="runner_files.Test_Runner_TestNG" name="runScenario" time="4.373"/>
  <testcase classname="runner_files.Test_Runner_TestNG" name="runScenario" time="4.128"/>
  <testcase classname="runner_files.Test_Runner_TestNG" name="runScenario" time="4.797"/>
  <testcase classname="runner_files.Test_Runner_TestNG" name="runScenario" time="4.807"/>
  <testcase classname="runner_files.Test_Runner_TestNG" name="runScenario" time="4.851"/>
  <testcase classname="runner_files.Test_Runner_TestNG" name="runScenario" time="5.096"/>
  <testcase classname="runner_files.Test_Runner_TestNG" name="runScenario" time="4.557"/>
  <testcase classname="runner_files.Test_Runner_TestNG" name="runScenario" time="4.559"/>
  <testcase classname="runner_files.Test_Runner_TestNG" name="runScenario" time="5.087"/>
  <testcase classname="runner_files.Test_Runner_TestNG" name="runScenario" time="4.900"/>
  <testcase classname="runner_files.Test_Runner_TestNG" name="runScenario" time="5.056"/>
</testsuite> <!-- runner_files.Test_Runner_TestNG -->
