<?xml version="1.0" encoding="UTF-8"?>
<!-- Generated by org.testng.reporters.JUnitReportReporter -->
<testsuite hostname="DESKTOP-U80E17V" failures="0" tests="22" name="com.Bdd_tutorialsninja.runner_files.Test_Runner_TestNG" time="0.154" errors="22" timestamp="2023-12-30T12:43:56 EST" skipped="0">
  <testcase classname="com.Bdd_tutorialsninja.runner_files.Test_Runner_TestNG" name="runScenario" time="0.006">
    <error message="Cannot invoke &quot;org.openqa.selenium.SearchContext.findElement(org.openqa.selenium.By)&quot; because &quot;this.searchContext&quot; is null" type="java.lang.NullPointerException">
      <![CDATA[java.lang.NullPointerException: Cannot invoke "org.openqa.selenium.SearchContext.findElement(org.openqa.selenium.By)" because "this.searchContext" is null
at org.openqa.selenium.support.pagefactory.DefaultElementLocator.findElement(DefaultElementLocator.java:68)
at org.openqa.selenium.support.pagefactory.internal.LocatingElementHandler.invoke(LocatingElementHandler.java:38)
at jdk.proxy2/jdk.proxy2.$Proxy23.click(Unknown Source)
at com.Bdd_tutorialsninja.Pages.HomePage.clickOnMyAccount(HomePage.java:34)
at step_definitions.Login.user_navigates_to_loginpage(Login.java:29)
at ✽.User navigates to LoginPage(file:///C:/Users/Owner/eclipse-workspace/BOOTCAMP_BBD_Cucumber_Framework/src/test/resources/feature_files/Login.feature:7)
]]>
    </error>
  </testcase> <!-- runScenario -->
  <testcase classname="com.Bdd_tutorialsninja.runner_files.Test_Runner_TestNG" name="runScenario" time="0.002">
    <error message="Cannot invoke &quot;org.openqa.selenium.SearchContext.findElement(org.openqa.selenium.By)&quot; because &quot;this.searchContext&quot; is null" type="java.lang.NullPointerException">
      <![CDATA[java.lang.NullPointerException: Cannot invoke "org.openqa.selenium.SearchContext.findElement(org.openqa.selenium.By)" because "this.searchContext" is null
at org.openqa.selenium.support.pagefactory.DefaultElementLocator.findElement(DefaultElementLocator.java:68)
at org.openqa.selenium.support.pagefactory.internal.LocatingElementHandler.invoke(LocatingElementHandler.java:38)
at jdk.proxy2/jdk.proxy2.$Proxy23.sendKeys(Unknown Source)
at com.Bdd_tutorialsninja.Pages.HomePage.enterProductDetail(HomePage.java:48)
at step_definitions.SearchProduct.user_enters_the_invalid_product(SearchProduct.java:48)
at ✽.User enters the invalid product 'DELL'(file:///C:/Users/Owner/eclipse-workspace/BOOTCAMP_BBD_Cucumber_Framework/src/test/resources/feature_files/SearchProduct.feature:15)
]]>
    </error>
  </testcase> <!-- runScenario -->
  <testcase classname="com.Bdd_tutorialsninja.runner_files.Test_Runner_TestNG" name="runScenario" time="0.004">
    <error message="Cannot invoke &quot;org.openqa.selenium.SearchContext.findElement(org.openqa.selenium.By)&quot; because &quot;this.searchContext&quot; is null" type="java.lang.NullPointerException">
      <![CDATA[java.lang.NullPointerException: Cannot invoke "org.openqa.selenium.SearchContext.findElement(org.openqa.selenium.By)" because "this.searchContext" is null
at org.openqa.selenium.support.pagefactory.DefaultElementLocator.findElement(DefaultElementLocator.java:68)
at org.openqa.selenium.support.pagefactory.internal.LocatingElementHandler.invoke(LocatingElementHandler.java:38)
at jdk.proxy2/jdk.proxy2.$Proxy23.click(Unknown Source)
at com.Bdd_tutorialsninja.Pages.HomePage.clickOnMyAccount(HomePage.java:34)
at step_definitions.Login.user_navigates_to_loginpage(Login.java:29)
at ✽.User navigates to LoginPage(file:///C:/Users/Owner/eclipse-workspace/BOOTCAMP_BBD_Cucumber_Framework/src/test/resources/feature_files/Login.feature:7)
]]>
    </error>
  </testcase> <!-- runScenario -->
  <testcase classname="com.Bdd_tutorialsninja.runner_files.Test_Runner_TestNG" name="runScenario" time="0.004">
    <error message="Cannot invoke &quot;org.openqa.selenium.SearchContext.findElement(org.openqa.selenium.By)&quot; because &quot;this.searchContext&quot; is null" type="java.lang.NullPointerException">
      <![CDATA[java.lang.NullPointerException: Cannot invoke "org.openqa.selenium.SearchContext.findElement(org.openqa.selenium.By)" because "this.searchContext" is null
at org.openqa.selenium.support.pagefactory.DefaultElementLocator.findElement(DefaultElementLocator.java:68)
at org.openqa.selenium.support.pagefactory.internal.LocatingElementHandler.invoke(LocatingElementHandler.java:38)
at jdk.proxy2/jdk.proxy2.$Proxy23.click(Unknown Source)
at com.Bdd_tutorialsninja.Pages.HomePage.clickOnMyAccount(HomePage.java:34)
at step_definitions.Login.user_navigates_to_loginpage(Login.java:29)
at ✽.User navigates to LoginPage(file:///C:/Users/Owner/eclipse-workspace/BOOTCAMP_BBD_Cucumber_Framework/src/test/resources/feature_files/Login.feature:7)
]]>
    </error>
  </testcase> <!-- runScenario -->
  <testcase classname="com.Bdd_tutorialsninja.runner_files.Test_Runner_TestNG" name="runScenario" time="0.003">
    <error message="Cannot invoke &quot;org.openqa.selenium.SearchContext.findElement(org.openqa.selenium.By)&quot; because &quot;this.searchContext&quot; is null" type="java.lang.NullPointerException">
      <![CDATA[java.lang.NullPointerException: Cannot invoke "org.openqa.selenium.SearchContext.findElement(org.openqa.selenium.By)" because "this.searchContext" is null
at org.openqa.selenium.support.pagefactory.DefaultElementLocator.findElement(DefaultElementLocator.java:68)
at org.openqa.selenium.support.pagefactory.internal.LocatingElementHandler.invoke(LocatingElementHandler.java:38)
at jdk.proxy2/jdk.proxy2.$Proxy23.sendKeys(Unknown Source)
at com.Bdd_tutorialsninja.Pages.HomePage.enterProductDetail(HomePage.java:48)
at step_definitions.SearchProduct.user_enters_the_valid_product(SearchProduct.java:28)
at ✽.User enters the valid product 'HP'(file:///C:/Users/Owner/eclipse-workspace/BOOTCAMP_BBD_Cucumber_Framework/src/test/resources/feature_files/SearchProduct.feature:7)
]]>
    </error>
  </testcase> <!-- runScenario -->
  <testcase classname="com.Bdd_tutorialsninja.runner_files.Test_Runner_TestNG" name="runScenario" time="0.003">
    <error message="Cannot invoke &quot;org.openqa.selenium.SearchContext.findElement(org.openqa.selenium.By)&quot; because &quot;this.searchContext&quot; is null" type="java.lang.NullPointerException">
      <![CDATA[java.lang.NullPointerException: Cannot invoke "org.openqa.selenium.SearchContext.findElement(org.openqa.selenium.By)" because "this.searchContext" is null
at org.openqa.selenium.support.pagefactory.DefaultElementLocator.findElement(DefaultElementLocator.java:68)
at org.openqa.selenium.support.pagefactory.internal.LocatingElementHandler.invoke(LocatingElementHandler.java:38)
at jdk.proxy2/jdk.proxy2.$Proxy23.click(Unknown Source)
at com.Bdd_tutorialsninja.Pages.HomePage.clickOnMyAccount(HomePage.java:34)
at step_definitions.Login.user_navigates_to_loginpage(Login.java:29)
at ✽.User navigates to LoginPage(file:///C:/Users/Owner/eclipse-workspace/BOOTCAMP_BBD_Cucumber_Framework/src/test/resources/feature_files/Login.feature:7)
]]>
    </error>
  </testcase> <!-- runScenario -->
  <testcase classname="com.Bdd_tutorialsninja.runner_files.Test_Runner_TestNG" name="runScenario" time="0.005">
    <error message="Cannot invoke &quot;org.openqa.selenium.SearchContext.findElement(org.openqa.selenium.By)&quot; because &quot;this.searchContext&quot; is null" type="java.lang.NullPointerException">
      <![CDATA[java.lang.NullPointerException: Cannot invoke "org.openqa.selenium.SearchContext.findElement(org.openqa.selenium.By)" because "this.searchContext" is null
at org.openqa.selenium.support.pagefactory.DefaultElementLocator.findElement(DefaultElementLocator.java:68)
at org.openqa.selenium.support.pagefactory.internal.LocatingElementHandler.invoke(LocatingElementHandler.java:38)
at jdk.proxy2/jdk.proxy2.$Proxy23.click(Unknown Source)
at com.Bdd_tutorialsninja.Pages.HomePage.clickOnMyAccount(HomePage.java:34)
at step_definitions.Login.user_navigates_to_loginpage(Login.java:29)
at ✽.User navigates to LoginPage(file:///C:/Users/Owner/eclipse-workspace/BOOTCAMP_BBD_Cucumber_Framework/src/test/resources/feature_files/Login.feature:7)
]]>
    </error>
  </testcase> <!-- runScenario -->
  <testcase classname="com.Bdd_tutorialsninja.runner_files.Test_Runner_TestNG" name="runScenario" time="0.003">
    <error message="Cannot invoke &quot;org.openqa.selenium.SearchContext.findElement(org.openqa.selenium.By)&quot; because &quot;this.searchContext&quot; is null" type="java.lang.NullPointerException">
      <![CDATA[java.lang.NullPointerException: Cannot invoke "org.openqa.selenium.SearchContext.findElement(org.openqa.selenium.By)" because "this.searchContext" is null
at org.openqa.selenium.support.pagefactory.DefaultElementLocator.findElement(DefaultElementLocator.java:68)
at org.openqa.selenium.support.pagefactory.internal.LocatingElementHandler.invoke(LocatingElementHandler.java:38)
at jdk.proxy2/jdk.proxy2.$Proxy23.click(Unknown Source)
at com.Bdd_tutorialsninja.Pages.HomePage.clickOnMyAccount(HomePage.java:34)
at step_definitions.Login.user_navigates_to_loginpage(Login.java:29)
at ✽.User navigates to LoginPage(file:///C:/Users/Owner/eclipse-workspace/BOOTCAMP_BBD_Cucumber_Framework/src/test/resources/feature_files/Login.feature:30)
]]>
    </error>
  </testcase> <!-- runScenario -->
  <testcase classname="com.Bdd_tutorialsninja.runner_files.Test_Runner_TestNG" name="runScenario" time="0.003">
    <error message="Cannot invoke &quot;org.openqa.selenium.SearchContext.findElement(org.openqa.selenium.By)&quot; because &quot;this.searchContext&quot; is null" type="java.lang.NullPointerException">
      <![CDATA[java.lang.NullPointerException: Cannot invoke "org.openqa.selenium.SearchContext.findElement(org.openqa.selenium.By)" because "this.searchContext" is null
at org.openqa.selenium.support.pagefactory.DefaultElementLocator.findElement(DefaultElementLocator.java:68)
at org.openqa.selenium.support.pagefactory.internal.LocatingElementHandler.invoke(LocatingElementHandler.java:38)
at jdk.proxy2/jdk.proxy2.$Proxy23.click(Unknown Source)
at com.Bdd_tutorialsninja.Pages.HomePage.clickOnMyAccount(HomePage.java:34)
at step_definitions.Register.user_navigates_to_register_page(Register.java:33)
at ✽.User navigates to RegisterPage(file:///C:/Users/Owner/eclipse-workspace/BOOTCAMP_BBD_Cucumber_Framework/src/test/resources/feature_files/Register.feature:36)
]]>
    </error>
  </testcase> <!-- runScenario -->
  <testcase classname="com.Bdd_tutorialsninja.runner_files.Test_Runner_TestNG" name="runScenario" time="0.002">
    <error message="Cannot invoke &quot;org.openqa.selenium.SearchContext.findElement(org.openqa.selenium.By)&quot; because &quot;this.searchContext&quot; is null" type="java.lang.NullPointerException">
      <![CDATA[java.lang.NullPointerException: Cannot invoke "org.openqa.selenium.SearchContext.findElement(org.openqa.selenium.By)" because "this.searchContext" is null
at org.openqa.selenium.support.pagefactory.DefaultElementLocator.findElement(DefaultElementLocator.java:68)
at org.openqa.selenium.support.pagefactory.internal.LocatingElementHandler.invoke(LocatingElementHandler.java:38)
at jdk.proxy2/jdk.proxy2.$Proxy23.click(Unknown Source)
at com.Bdd_tutorialsninja.Pages.HomePage.clickOnMyAccount(HomePage.java:34)
at step_definitions.Login.user_navigates_to_loginpage(Login.java:29)
at ✽.User navigates to LoginPage(file:///C:/Users/Owner/eclipse-workspace/BOOTCAMP_BBD_Cucumber_Framework/src/test/resources/feature_files/Login.feature:57)
]]>
    </error>
  </testcase> <!-- runScenario -->
  <testcase classname="com.Bdd_tutorialsninja.runner_files.Test_Runner_TestNG" name="runScenario" time="0.007">
    <error message="Cannot invoke &quot;org.openqa.selenium.SearchContext.findElement(org.openqa.selenium.By)&quot; because &quot;this.searchContext&quot; is null" type="java.lang.NullPointerException">
      <![CDATA[java.lang.NullPointerException: Cannot invoke "org.openqa.selenium.SearchContext.findElement(org.openqa.selenium.By)" because "this.searchContext" is null
at org.openqa.selenium.support.pagefactory.DefaultElementLocator.findElement(DefaultElementLocator.java:68)
at org.openqa.selenium.support.pagefactory.internal.LocatingElementHandler.invoke(LocatingElementHandler.java:38)
at jdk.proxy2/jdk.proxy2.$Proxy23.click(Unknown Source)
at com.Bdd_tutorialsninja.Pages.HomePage.clickOnMyAccount(HomePage.java:34)
at step_definitions.Login.user_navigates_to_loginpage(Login.java:29)
at ✽.User navigates to LoginPage(file:///C:/Users/Owner/eclipse-workspace/BOOTCAMP_BBD_Cucumber_Framework/src/test/resources/feature_files/Login.feature:7)
]]>
    </error>
  </testcase> <!-- runScenario -->
  <testcase classname="com.Bdd_tutorialsninja.runner_files.Test_Runner_TestNG" name="runScenario" time="0.003">
    <error message="Cannot invoke &quot;org.openqa.selenium.SearchContext.findElement(org.openqa.selenium.By)&quot; because &quot;this.searchContext&quot; is null" type="java.lang.NullPointerException">
      <![CDATA[java.lang.NullPointerException: Cannot invoke "org.openqa.selenium.SearchContext.findElement(org.openqa.selenium.By)" because "this.searchContext" is null
at org.openqa.selenium.support.pagefactory.DefaultElementLocator.findElement(DefaultElementLocator.java:68)
at org.openqa.selenium.support.pagefactory.internal.LocatingElementHandler.invoke(LocatingElementHandler.java:38)
at jdk.proxy2/jdk.proxy2.$Proxy23.click(Unknown Source)
at com.Bdd_tutorialsninja.Pages.HomePage.clickOnMyAccount(HomePage.java:34)
at step_definitions.Login.user_navigates_to_loginpage(Login.java:29)
at ✽.User navigates to LoginPage(file:///C:/Users/Owner/eclipse-workspace/BOOTCAMP_BBD_Cucumber_Framework/src/test/resources/feature_files/Login.feature:39)
]]>
    </error>
  </testcase> <!-- runScenario -->
  <testcase classname="com.Bdd_tutorialsninja.runner_files.Test_Runner_TestNG" name="runScenario" time="0.004">
    <error message="Cannot invoke &quot;org.openqa.selenium.SearchContext.findElement(org.openqa.selenium.By)&quot; because &quot;this.searchContext&quot; is null" type="java.lang.NullPointerException">
      <![CDATA[java.lang.NullPointerException: Cannot invoke "org.openqa.selenium.SearchContext.findElement(org.openqa.selenium.By)" because "this.searchContext" is null
at org.openqa.selenium.support.pagefactory.DefaultElementLocator.findElement(DefaultElementLocator.java:68)
at org.openqa.selenium.support.pagefactory.internal.LocatingElementHandler.invoke(LocatingElementHandler.java:38)
at jdk.proxy2/jdk.proxy2.$Proxy23.click(Unknown Source)
at com.Bdd_tutorialsninja.Pages.HomePage.clickOnMyAccount(HomePage.java:34)
at step_definitions.Login.user_navigates_to_loginpage(Login.java:29)
at ✽.User navigates to LoginPage(file:///C:/Users/Owner/eclipse-workspace/BOOTCAMP_BBD_Cucumber_Framework/src/test/resources/feature_files/Login.feature:7)
]]>
    </error>
  </testcase> <!-- runScenario -->
  <testcase classname="com.Bdd_tutorialsninja.runner_files.Test_Runner_TestNG" name="runScenario" time="0.003">
    <error message="Cannot invoke &quot;org.openqa.selenium.SearchContext.findElement(org.openqa.selenium.By)&quot; because &quot;this.searchContext&quot; is null" type="java.lang.NullPointerException">
      <![CDATA[java.lang.NullPointerException: Cannot invoke "org.openqa.selenium.SearchContext.findElement(org.openqa.selenium.By)" because "this.searchContext" is null
at org.openqa.selenium.support.pagefactory.DefaultElementLocator.findElement(DefaultElementLocator.java:68)
at org.openqa.selenium.support.pagefactory.internal.LocatingElementHandler.invoke(LocatingElementHandler.java:38)
at jdk.proxy2/jdk.proxy2.$Proxy23.click(Unknown Source)
at com.Bdd_tutorialsninja.Pages.HomePage.clickOnMyAccount(HomePage.java:34)
at step_definitions.Register.user_navigates_to_register_page(Register.java:33)
at ✽.User navigates to RegisterPage(file:///C:/Users/Owner/eclipse-workspace/BOOTCAMP_BBD_Cucumber_Framework/src/test/resources/feature_files/Register.feature:52)
]]>
    </error>
  </testcase> <!-- runScenario -->
  <testcase classname="com.Bdd_tutorialsninja.runner_files.Test_Runner_TestNG" name="runScenario" time="0.003">
    <error message="Cannot invoke &quot;org.openqa.selenium.SearchContext.findElement(org.openqa.selenium.By)&quot; because &quot;this.searchContext&quot; is null" type="java.lang.NullPointerException">
      <![CDATA[java.lang.NullPointerException: Cannot invoke "org.openqa.selenium.SearchContext.findElement(org.openqa.selenium.By)" because "this.searchContext" is null
at org.openqa.selenium.support.pagefactory.DefaultElementLocator.findElement(DefaultElementLocator.java:68)
at org.openqa.selenium.support.pagefactory.internal.LocatingElementHandler.invoke(LocatingElementHandler.java:38)
at jdk.proxy2/jdk.proxy2.$Proxy23.click(Unknown Source)
at com.Bdd_tutorialsninja.Pages.HomePage.clickOnMyAccount(HomePage.java:34)
at step_definitions.Login.user_navigates_to_loginpage(Login.java:29)
at ✽.User navigates to LoginPage(file:///C:/Users/Owner/eclipse-workspace/BOOTCAMP_BBD_Cucumber_Framework/src/test/resources/feature_files/Login.feature:48)
]]>
    </error>
  </testcase> <!-- runScenario -->
  <testcase classname="com.Bdd_tutorialsninja.runner_files.Test_Runner_TestNG" name="runScenario" time="0.003">
    <error message="Cannot invoke &quot;org.openqa.selenium.SearchContext.findElement(org.openqa.selenium.By)&quot; because &quot;this.searchContext&quot; is null" type="java.lang.NullPointerException">
      <![CDATA[java.lang.NullPointerException: Cannot invoke "org.openqa.selenium.SearchContext.findElement(org.openqa.selenium.By)" because "this.searchContext" is null
at org.openqa.selenium.support.pagefactory.DefaultElementLocator.findElement(DefaultElementLocator.java:68)
at org.openqa.selenium.support.pagefactory.internal.LocatingElementHandler.invoke(LocatingElementHandler.java:38)
at jdk.proxy2/jdk.proxy2.$Proxy23.click(Unknown Source)
at com.Bdd_tutorialsninja.Pages.HomePage.clickOnMyAccount(HomePage.java:34)
at step_definitions.Login.user_navigates_to_loginpage(Login.java:29)
at ✽.User navigates to LoginPage(file:///C:/Users/Owner/eclipse-workspace/BOOTCAMP_BBD_Cucumber_Framework/src/test/resources/feature_files/Login.feature:7)
]]>
    </error>
  </testcase> <!-- runScenario -->
  <testcase classname="com.Bdd_tutorialsninja.runner_files.Test_Runner_TestNG" name="runScenario" time="0.011">
    <error message="Cannot invoke &quot;org.openqa.selenium.SearchContext.findElement(org.openqa.selenium.By)&quot; because &quot;this.searchContext&quot; is null" type="java.lang.NullPointerException">
      <![CDATA[java.lang.NullPointerException: Cannot invoke "org.openqa.selenium.SearchContext.findElement(org.openqa.selenium.By)" because "this.searchContext" is null
at org.openqa.selenium.support.pagefactory.DefaultElementLocator.findElement(DefaultElementLocator.java:68)
at org.openqa.selenium.support.pagefactory.internal.LocatingElementHandler.invoke(LocatingElementHandler.java:38)
at jdk.proxy2/jdk.proxy2.$Proxy23.click(Unknown Source)
at com.Bdd_tutorialsninja.Pages.HomePage.clickOnMyAccount(HomePage.java:34)
at step_definitions.Register.user_navigates_to_register_page(Register.java:33)
at ✽.User navigates to RegisterPage(file:///C:/Users/Owner/eclipse-workspace/BOOTCAMP_BBD_Cucumber_Framework/src/test/resources/feature_files/Register.feature:6)
]]>
    </error>
  </testcase> <!-- runScenario -->
  <testcase classname="com.Bdd_tutorialsninja.runner_files.Test_Runner_TestNG" name="runScenario" time="0.068">
    <error message="Cannot invoke &quot;org.openqa.selenium.SearchContext.findElement(org.openqa.selenium.By)&quot; because &quot;this.searchContext&quot; is null" type="java.lang.NullPointerException">
      <![CDATA[java.lang.NullPointerException: Cannot invoke "org.openqa.selenium.SearchContext.findElement(org.openqa.selenium.By)" because "this.searchContext" is null
at org.openqa.selenium.support.pagefactory.DefaultElementLocator.findElement(DefaultElementLocator.java:68)
at org.openqa.selenium.support.pagefactory.internal.LocatingElementHandler.invoke(LocatingElementHandler.java:38)
at jdk.proxy2/jdk.proxy2.$Proxy23.click(Unknown Source)
at com.Bdd_tutorialsninja.Pages.HomePage.clickOnMyAccount(HomePage.java:34)
at step_definitions.Login.user_navigates_to_loginpage(Login.java:29)
at ✽.User navigates to LoginPage(file:///C:/Users/Owner/eclipse-workspace/BOOTCAMP_BBD_Cucumber_Framework/src/test/resources/feature_files/Login.feature:7)
]]>
    </error>
  </testcase> <!-- runScenario -->
  <testcase classname="com.Bdd_tutorialsninja.runner_files.Test_Runner_TestNG" name="runScenario" time="0.002">
    <error message="Cannot invoke &quot;org.openqa.selenium.SearchContext.findElement(org.openqa.selenium.By)&quot; because &quot;this.searchContext&quot; is null" type="java.lang.NullPointerException">
      <![CDATA[java.lang.NullPointerException: Cannot invoke "org.openqa.selenium.SearchContext.findElement(org.openqa.selenium.By)" because "this.searchContext" is null
at org.openqa.selenium.support.pagefactory.DefaultElementLocator.findElement(DefaultElementLocator.java:68)
at org.openqa.selenium.support.pagefactory.internal.LocatingElementHandler.invoke(LocatingElementHandler.java:38)
at jdk.proxy2/jdk.proxy2.$Proxy23.click(Unknown Source)
at com.Bdd_tutorialsninja.Pages.HomePage.clickOnSearchIcon(HomePage.java:52)
at step_definitions.SearchProduct.user_clicks_on_the_search_button(SearchProduct.java:36)
at ✽.User clicks on the search button(file:///C:/Users/Owner/eclipse-workspace/BOOTCAMP_BBD_Cucumber_Framework/src/test/resources/feature_files/SearchProduct.feature:23)
]]>
    </error>
  </testcase> <!-- runScenario -->
  <testcase classname="com.Bdd_tutorialsninja.runner_files.Test_Runner_TestNG" name="runScenario" time="0.007">
    <error message="Cannot invoke &quot;org.openqa.selenium.SearchContext.findElement(org.openqa.selenium.By)&quot; because &quot;this.searchContext&quot; is null" type="java.lang.NullPointerException">
      <![CDATA[java.lang.NullPointerException: Cannot invoke "org.openqa.selenium.SearchContext.findElement(org.openqa.selenium.By)" because "this.searchContext" is null
at org.openqa.selenium.support.pagefactory.DefaultElementLocator.findElement(DefaultElementLocator.java:68)
at org.openqa.selenium.support.pagefactory.internal.LocatingElementHandler.invoke(LocatingElementHandler.java:38)
at jdk.proxy2/jdk.proxy2.$Proxy23.click(Unknown Source)
at com.Bdd_tutorialsninja.Pages.HomePage.clickOnMyAccount(HomePage.java:34)
at step_definitions.Login.user_navigates_to_loginpage(Login.java:29)
at ✽.User navigates to LoginPage(file:///C:/Users/Owner/eclipse-workspace/BOOTCAMP_BBD_Cucumber_Framework/src/test/resources/feature_files/Login.feature:7)
]]>
    </error>
  </testcase> <!-- runScenario -->
  <testcase classname="com.Bdd_tutorialsninja.runner_files.Test_Runner_TestNG" name="runScenario" time="0.004">
    <error message="Cannot invoke &quot;org.openqa.selenium.SearchContext.findElement(org.openqa.selenium.By)&quot; because &quot;this.searchContext&quot; is null" type="java.lang.NullPointerException">
      <![CDATA[java.lang.NullPointerException: Cannot invoke "org.openqa.selenium.SearchContext.findElement(org.openqa.selenium.By)" because "this.searchContext" is null
at org.openqa.selenium.support.pagefactory.DefaultElementLocator.findElement(DefaultElementLocator.java:68)
at org.openqa.selenium.support.pagefactory.internal.LocatingElementHandler.invoke(LocatingElementHandler.java:38)
at jdk.proxy2/jdk.proxy2.$Proxy23.click(Unknown Source)
at com.Bdd_tutorialsninja.Pages.HomePage.clickOnMyAccount(HomePage.java:34)
at step_definitions.Register.user_navigates_to_register_page(Register.java:33)
at ✽.User navigates to RegisterPage(file:///C:/Users/Owner/eclipse-workspace/BOOTCAMP_BBD_Cucumber_Framework/src/test/resources/feature_files/Register.feature:20)
]]>
    </error>
  </testcase> <!-- runScenario -->
  <testcase classname="com.Bdd_tutorialsninja.runner_files.Test_Runner_TestNG" name="runScenario" time="0.004">
    <error message="Cannot invoke &quot;org.openqa.selenium.SearchContext.findElement(org.openqa.selenium.By)&quot; because &quot;this.searchContext&quot; is null" type="java.lang.NullPointerException">
      <![CDATA[java.lang.NullPointerException: Cannot invoke "org.openqa.selenium.SearchContext.findElement(org.openqa.selenium.By)" because "this.searchContext" is null
at org.openqa.selenium.support.pagefactory.DefaultElementLocator.findElement(DefaultElementLocator.java:68)
at org.openqa.selenium.support.pagefactory.internal.LocatingElementHandler.invoke(LocatingElementHandler.java:38)
at jdk.proxy2/jdk.proxy2.$Proxy23.click(Unknown Source)
at com.Bdd_tutorialsninja.Pages.HomePage.clickOnMyAccount(HomePage.java:34)
at step_definitions.Login.user_navigates_to_loginpage(Login.java:29)
at ✽.User navigates to LoginPage(file:///C:/Users/Owner/eclipse-workspace/BOOTCAMP_BBD_Cucumber_Framework/src/test/resources/feature_files/Login.feature:7)
]]>
    </error>
  </testcase> <!-- runScenario -->
</testsuite> <!-- com.Bdd_tutorialsninja.runner_files.Test_Runner_TestNG -->
